<?xml version="1.0" encoding="UTF-8"?>
<!-- Generated by org.testng.reporters.JUnitReportReporter -->
<testsuite skipped="0" hostname="Sally" name="TestCases.DeliverooResturantTestCases" tests="1" failures="0" timestamp="16 Jan 2022 18:17:35 GMT" time="15.305" errors="0">
  <testcase name="CheckResturantDetails" time="15.305" classname="TestCases.DeliverooResturantTestCases"/>
</testsuite> <!-- TestCases.DeliverooResturantTestCases -->
